<?xml version="1.0" encoding="UTF-8"?>
<testng-results skipped="0" failed="0" ignored="0" total="1" passed="1">
  <reporter-output>
  </reporter-output>
  <suite name="Default suite" duration-ms="80792" started-at="2020-05-14T00:45:42 IST" finished-at="2020-05-14T00:47:03 IST">
    <groups>
    </groups>
    <test name="Default test" duration-ms="80792" started-at="2020-05-14T00:45:42 IST" finished-at="2020-05-14T00:47:03 IST">
      <class name="com.sj.qa.test.SpiceJetTest">
        <test-method status="PASS" signature="Test()[pri:0, instance:com.sj.qa.test.SpiceJetTest@3d99d22e]" name="Test" duration-ms="80618" started-at="2020-05-14T00:45:42 IST" finished-at="2020-05-14T00:47:03 IST">
          <reporter-output>
          </reporter-output>
        </test-method> <!-- Test -->
      </class> <!-- com.sj.qa.test.SpiceJetTest -->
    </test> <!-- Default test -->
  </suite> <!-- Default suite -->
</testng-results>
